<?xml version="1.0" encoding="UTF-8"?>
<!-- Generated by org.testng.reporters.JUnitXMLReporter -->
<testsuite hostname="BL084-Sathish" ignored="20" name="Test" tests="2" failures="1" timestamp="12 Apr 2023 06:15:47 GMT" time="5.718" errors="0">
  <testcase name="@BeforeClass browserSetup" time="5.625" classname="test.attest360.testCases.BaseClass">
    <failure type="org.openqa.selenium.remote.http.ConnectionFailedException" message="Unable to establish websocket connection to http://localhost:50370/devtools/browser/95f1e953-da9c-4728-a1b6-25af9bf2d966
Build info: version: &amp;apos;4.4.0&amp;apos;, revision: &amp;apos;e5c75ed026a&amp;apos;
System info: host: &amp;apos;BL084-SATHISH&amp;apos;, ip: &amp;apos;169.254.21.81&amp;apos;, os.name: &amp;apos;Windows 10&amp;apos;, os.arch: &amp;apos;amd64&amp;apos;, os.version: &amp;apos;10.0&amp;apos;, java.version: &amp;apos;1.8.0_231&amp;apos;
Driver info: driver.version: ChromeDriver">
      <![CDATA[org.openqa.selenium.remote.http.ConnectionFailedException: Unable to establish websocket connection to http://localhost:50370/devtools/browser/95f1e953-da9c-4728-a1b6-25af9bf2d966
Build info: version: '4.4.0', revision: 'e5c75ed026a'
System info: host: 'BL084-SATHISH', ip: '169.254.21.81', os.name: 'Windows 10', os.arch: 'amd64', os.version: '10.0', java.version: '1.8.0_231'
Driver info: driver.version: ChromeDriver
at org.openqa.selenium.remote.http.netty.NettyWebSocket.<init>(NettyWebSocket.java:102)
at org.openqa.selenium.remote.http.netty.NettyWebSocket.lambda$create$3(NettyWebSocket.java:128)
at org.openqa.selenium.remote.http.netty.NettyClient.openSocket(NettyClient.java:106)
at org.openqa.selenium.devtools.Connection.<init>(Connection.java:77)
at org.openqa.selenium.chromium.ChromiumDriver.lambda$new$2(ChromiumDriver.java:116)
at java.util.Optional.map(Optional.java:215)
at org.openqa.selenium.chromium.ChromiumDriver.<init>(ChromiumDriver.java:114)
at org.openqa.selenium.chrome.ChromeDriver.<init>(ChromeDriver.java:81)
at org.openqa.selenium.chrome.ChromeDriver.<init>(ChromeDriver.java:49)
at test.attest360.testCases.BaseClass.browserSetup(BaseClass.java:64)
... Removed 27 stack frames]]>
    </failure>
  </testcase> <!-- @BeforeClass browserSetup -->
  <testcase name="critirionDataEntryLogin" time="0.0" classname="test.attest360.testCases.Fresher">
    <skipped/>
  </testcase> <!-- critirionDataEntryLogin -->
  <testcase name="critirionDataEntryLogin" time="0.031" classname="test.attest360.testCases.Fresher">
    <failure type="java.lang.NullPointerException">
      <![CDATA[java.lang.NullPointerException
at test.attest360.utilities.TestListeners.onTestSkipped(TestListeners.java:67)
... Removed 24 stack frames]]>
    </failure>
  </testcase> <!-- critirionDataEntryLogin -->
  <testcase name="runAutoDeligate" time="0.0" classname="test.attest360.testCases.Fresher">
    <ignored/>
  </testcase> <!-- runAutoDeligate -->
  <testcase name="critirionQaLogin" time="0.0" classname="test.attest360.testCases.Fresher">
    <ignored/>
  </testcase> <!-- critirionQaLogin -->
  <testcase name="QADecision" time="0.0" classname="test.attest360.testCases.Fresher">
    <ignored/>
  </testcase> <!-- QADecision -->
  <testcase name="logoutAsDataEntry" time="0.0" classname="test.attest360.testCases.Fresher">
    <ignored/>
  </testcase> <!-- logoutAsDataEntry -->
  <testcase name="verifiertoDataentryInsufficiency" time="0.0" classname="test.attest360.testCases.Fresher">
    <ignored/>
  </testcase> <!-- verifiertoDataentryInsufficiency -->
  <testcase name="stopBgvFlow6" time="0.0" classname="test.attest360.testCases.Fresher">
    <ignored/>
  </testcase> <!-- stopBgvFlow6 -->
  <testcase name="critirinverifierLogin" time="0.0" classname="test.attest360.testCases.Fresher">
    <ignored/>
  </testcase> <!-- critirinverifierLogin -->
  <testcase name="stopBgvFlow5" time="0.0" classname="test.attest360.testCases.Fresher">
    <ignored/>
  </testcase> <!-- stopBgvFlow5 -->
  <testcase name="rejectToDataEntryfromQA" time="0.0" classname="test.attest360.testCases.Fresher">
    <ignored/>
  </testcase> <!-- rejectToDataEntryfromQA -->
  <testcase name="logoutAsQA" time="0.0" classname="test.attest360.testCases.Fresher">
    <ignored/>
  </testcase> <!-- logoutAsQA -->
  <testcase name="InsufficientFlowSelf" time="0.0" classname="test.attest360.testCases.Fresher">
    <ignored/>
  </testcase> <!-- InsufficientFlowSelf -->
  <testcase name="rejectToVerifierfromQA" time="0.0" classname="test.attest360.testCases.Fresher">
    <ignored/>
  </testcase> <!-- rejectToVerifierfromQA -->
  <testcase name="notAppicableAndOnHoldFlow" time="0.0" classname="test.attest360.testCases.Fresher">
    <ignored/>
  </testcase> <!-- notAppicableAndOnHoldFlow -->
  <testcase name="stopBgvFlow4" time="0.0" classname="test.attest360.testCases.Fresher">
    <ignored/>
  </testcase> <!-- stopBgvFlow4 -->
  <testcase name="critirionQaVerifiLogin" time="0.0" classname="test.attest360.testCases.Fresher">
    <ignored/>
  </testcase> <!-- critirionQaVerifiLogin -->
  <testcase name="stopBgvFlow2" time="0.0" classname="test.attest360.testCases.Fresher">
    <ignored/>
  </testcase> <!-- stopBgvFlow2 -->
  <testcase name="verifiertoDataEntryRejection" time="0.0" classname="test.attest360.testCases.Fresher">
    <ignored/>
  </testcase> <!-- verifiertoDataEntryRejection -->
  <testcase name="stopBgvFlow3" time="0.0" classname="test.attest360.testCases.Fresher">
    <ignored/>
  </testcase> <!-- stopBgvFlow3 -->
  <testcase name="logoutAsVerifier" time="0.0" classname="test.attest360.testCases.Fresher">
    <ignored/>
  </testcase> <!-- logoutAsVerifier -->
  <testcase name="verifierDecision" time="0.0" classname="test.attest360.testCases.Fresher">
    <ignored/>
  </testcase> <!-- verifierDecision -->
</testsuite> <!-- Test -->
