<?xml version="1.0" encoding="UTF-8"?>
<testng-results skipped="0" failed="1" ignored="18" total="29" passed="10">
  <reporter-output>
  </reporter-output>
  <suite name="Suite" duration-ms="162487" started-at="2023-02-07T16:26:56Z" finished-at="2023-02-07T16:29:39Z">
    <groups>
    </groups>
    <test name="Test" duration-ms="162487" started-at="2023-02-07T16:26:56Z" finished-at="2023-02-07T16:29:39Z">
      <class name="test.attest360.testCases.Fresher">
        <test-method status="PASS" signature="browserSetup(java.lang.String)[pri:0, instance:test.attest360.testCases.Fresher@77be656f]" name="browserSetup" is-config="true" duration-ms="6989" started-at="2023-02-07T16:26:56Z" finished-at="2023-02-07T16:27:03Z">
          <params>
            <param index="0">
              <value>
                <![CDATA[chrome]]>
              </value>
            </param>
          </params>
          <reporter-output>
          </reporter-output>
        </test-method> <!-- browserSetup -->
        <test-method status="PASS" signature="critirionDataEntryLogin()[pri:-1, instance:test.attest360.testCases.Fresher@77be656f]" name="critirionDataEntryLogin" duration-ms="4802" started-at="2023-02-07T16:27:03Z" finished-at="2023-02-07T16:27:08Z">
          <reporter-output>
          </reporter-output>
        </test-method> <!-- critirionDataEntryLogin -->
        <test-method status="PASS" signature="select_customer(java.lang.String)[pri:0, instance:test.attest360.testCases.Fresher@77be656f]" name="select_customer" duration-ms="48069" started-at="2023-02-07T16:27:08Z" finished-at="2023-02-07T16:27:56Z">
          <params>
            <param index="0">
              <value>
                <![CDATA[Billing changes]]>
              </value>
            </param>
          </params>
          <reporter-output>
          </reporter-output>
        </test-method> <!-- select_customer -->
        <test-method status="PASS" signature="enterBasicDetails(java.lang.String, java.lang.String, java.lang.String, java.lang.String, java.lang.String, java.lang.String, java.lang.String, java.lang.String, java.lang.String, java.lang.String, java.lang.String, java.lang.String)[pri:1, instance:test.attest360.testCases.Fresher@77be656f]" name="enterBasicDetails" duration-ms="15295" started-at="2023-02-07T16:27:58Z" data-provider="basicDetailsFresher" finished-at="2023-02-07T16:28:14Z">
          <params>
            <param index="0">
              <value>
                <![CDATA[BFlow9778]]>
              </value>
            </param>
            <param index="1">
              <value>
                <![CDATA[A]]>
              </value>
            </param>
            <param index="2">
              <value>
                <![CDATA[18-12-1995]]>
              </value>
            </param>
            <param index="3">
              <value>
                <![CDATA[Anbalgan]]>
              </value>
            </param>
            <param index="4">
              <value>
                <![CDATA[9865737159]]>
              </value>
            </param>
            <param index="5">
              <value>
                <![CDATA[Na]]>
              </value>
            </param>
            <param index="6">
              <value>
                <![CDATA[Tamilnadu]]>
              </value>
            </param>
            <param index="7">
              <value>
                <![CDATA[coimbatore]]>
              </value>
            </param>
            <param index="8">
              <value>
                <![CDATA[Bangalore]]>
              </value>
            </param>
            <param index="9">
              <value>
                <![CDATA[Fresher]]>
              </value>
            </param>
            <param index="10">
              <value>
                <![CDATA[sathishspoc]]>
              </value>
            </param>
            <param index="11">
              <value>
                <![CDATA[123]]>
              </value>
            </param>
          </params>
          <reporter-output>
          </reporter-output>
        </test-method> <!-- enterBasicDetails -->
        <test-method status="PASS" signature="fillDataAuthorization(java.lang.String)[pri:2, instance:test.attest360.testCases.Fresher@77be656f]" name="fillDataAuthorization" duration-ms="19828" started-at="2023-02-07T16:28:14Z" data-provider="Authorization" finished-at="2023-02-07T16:28:34Z">
          <params>
            <param index="0">
              <value>
                <![CDATA[C:\Users\Durga Prasad\eclipse-workspace\Attest360\Attachments\Update Information _ Attest360.pdf]]>
              </value>
            </param>
          </params>
          <reporter-output>
          </reporter-output>
        </test-method> <!-- fillDataAuthorization -->
        <test-method status="PASS" signature="fillDataSetBasic(java.lang.String, java.lang.String)[pri:4, instance:test.attest360.testCases.Fresher@77be656f]" name="fillDataSetBasic" duration-ms="4024" started-at="2023-02-07T16:28:34Z" data-provider="FilldataBasic" finished-at="2023-02-07T16:28:38Z">
          <params>
            <param index="0">
              <value>
                <![CDATA[Male]]>
              </value>
            </param>
            <param index="1">
              <value>
                <![CDATA[India]]>
              </value>
            </param>
          </params>
          <reporter-output>
          </reporter-output>
        </test-method> <!-- fillDataSetBasic -->
        <test-method status="PASS" signature="fillDataSetEducation(java.lang.String, java.lang.String, java.lang.String, java.lang.String, java.lang.String, java.lang.String, java.lang.String)[pri:5, instance:test.attest360.testCases.Fresher@77be656f]" name="fillDataSetEducation" duration-ms="10065" started-at="2023-02-07T16:28:38Z" data-provider="FilldataEducation" finished-at="2023-02-07T16:28:48Z">
          <params>
            <param index="0">
              <value>
                <![CDATA[Maharaja Institute of technology]]>
              </value>
            </param>
            <param index="1">
              <value>
                <![CDATA[Anna University]]>
              </value>
            </param>
            <param index="2">
              <value>
                <![CDATA[Coimbatore]]>
              </value>
            </param>
            <param index="3">
              <value>
                <![CDATA[BE]]>
              </value>
            </param>
            <param index="4">
              <value>
                <![CDATA[2017]]>
              </value>
            </param>
            <param index="5">
              <value>
                <![CDATA[7120122120]]>
              </value>
            </param>
            <param index="6">
              <value>
                <![CDATA[C:\Users\Durga Prasad\eclipse-workspace\Attest360\Attachments\7777.pdf]]>
              </value>
            </param>
          </params>
          <reporter-output>
          </reporter-output>
        </test-method> <!-- fillDataSetEducation -->
        <test-method status="PASS" signature="fillDataSetAddress(java.lang.String, java.lang.String, java.lang.String, java.lang.String, java.lang.String, java.lang.String, java.lang.String, java.lang.String)[pri:6, instance:test.attest360.testCases.Fresher@77be656f]" name="fillDataSetAddress" duration-ms="12866" started-at="2023-02-07T16:28:48Z" data-provider="FillDataAddress" finished-at="2023-02-07T16:29:01Z">
          <params>
            <param index="0">
              <value>
                <![CDATA[56,vengadesapura,4th street]]>
              </value>
            </param>
            <param index="1">
              <value>
                <![CDATA[Coimbatore]]>
              </value>
            </param>
            <param index="2">
              <value>
                <![CDATA[Tamil Nadu]]>
              </value>
            </param>
            <param index="3">
              <value>
                <![CDATA[12 years]]>
              </value>
            </param>
            <param index="4">
              <value>
                <![CDATA[India]]>
              </value>
            </param>
            <param index="5">
              <value>
                <![CDATA[641603]]>
              </value>
            </param>
            <param index="6">
              <value>
                <![CDATA[Pan Card]]>
              </value>
            </param>
            <param index="7">
              <value>
                <![CDATA[C:\Users\Durga Prasad\eclipse-workspace\Attest360\Attachments\7777.pdf]]>
              </value>
            </param>
          </params>
          <reporter-output>
          </reporter-output>
        </test-method> <!-- fillDataSetAddress -->
        <test-method status="FAIL" signature="fillDataSetIdentification(java.lang.String, java.lang.String, java.lang.String, java.lang.String)[pri:7, instance:test.attest360.testCases.Fresher@77be656f]" name="fillDataSetIdentification" duration-ms="8854" started-at="2023-02-07T16:29:01Z" data-provider="FillDataIdentification" finished-at="2023-02-07T16:29:10Z">
          <params>
            <param index="0">
              <value>
                <![CDATA[Aadhaar Card]]>
              </value>
            </param>
            <param index="1">
              <value>
                <![CDATA[Satha1]]>
              </value>
            </param>
            <param index="2">
              <value>
                <![CDATA[566922875610]]>
              </value>
            </param>
            <param index="3">
              <value>
                <![CDATA[C:\Users\Durga Prasad\eclipse-workspace\Attest360\Attachments\7777.pdf]]>
              </value>
            </param>
          </params>
          <exception class="org.openqa.selenium.NoSuchElementException">
            <message>
              <![CDATA[no such element: Unable to locate element: {"method":"xpath","selector":"//button[@class='btn btn-sm btn-outline-dark ' and @id='finalSave']"}
  (Session info: chrome=109.0.5414.120)
For documentation on this error, please visit: https://selenium.dev/exceptions/#no_such_element
Build info: version: '4.4.0', revision: 'e5c75ed026a'
System info: host: 'BL084-SATHISH', ip: '169.254.21.81', os.name: 'Windows 10', os.arch: 'amd64', os.version: '10.0', java.version: '1.8.0_231'
Driver info: org.openqa.selenium.chrome.ChromeDriver
Command: [cc9cde2a9a737e774bbe0d727b28a7a1, findElement {using=xpath, value=//button[@class='btn btn-sm btn-outline-dark ' and @id='finalSave']}]
Capabilities {acceptInsecureCerts: false, browserName: chrome, browserVersion: 109.0.5414.120, chrome: {chromedriverVersion: 109.0.5414.74 (e7c5703604da..., userDataDir: C:\Users\DURGAP~1\AppData\L...}, goog:chromeOptions: {debuggerAddress: localhost:53696}, networkConnectionEnabled: false, pageLoadStrategy: normal, platformName: WINDOWS, proxy: Proxy(), se:cdp: ws://localhost:53696/devtoo..., se:cdpVersion: 109.0.5414.120, setWindowRect: true, strictFileInteractability: false, timeouts: {implicit: 0, pageLoad: 300000, script: 30000}, unhandledPromptBehavior: dismiss and notify, webauthn:extension:credBlob: true, webauthn:extension:largeBlob: true, webauthn:virtualAuthenticators: true}
Session ID: cc9cde2a9a737e774bbe0d727b28a7a1]]>
            </message>
            <full-stacktrace>
              <![CDATA[org.openqa.selenium.NoSuchElementException: no such element: Unable to locate element: {"method":"xpath","selector":"//button[@class='btn btn-sm btn-outline-dark ' and @id='finalSave']"}
  (Session info: chrome=109.0.5414.120)
For documentation on this error, please visit: https://selenium.dev/exceptions/#no_such_element
Build info: version: '4.4.0', revision: 'e5c75ed026a'
System info: host: 'BL084-SATHISH', ip: '169.254.21.81', os.name: 'Windows 10', os.arch: 'amd64', os.version: '10.0', java.version: '1.8.0_231'
Driver info: org.openqa.selenium.chrome.ChromeDriver
Command: [cc9cde2a9a737e774bbe0d727b28a7a1, findElement {using=xpath, value=//button[@class='btn btn-sm btn-outline-dark ' and @id='finalSave']}]
Capabilities {acceptInsecureCerts: false, browserName: chrome, browserVersion: 109.0.5414.120, chrome: {chromedriverVersion: 109.0.5414.74 (e7c5703604da..., userDataDir: C:\Users\DURGAP~1\AppData\L...}, goog:chromeOptions: {debuggerAddress: localhost:53696}, networkConnectionEnabled: false, pageLoadStrategy: normal, platformName: WINDOWS, proxy: Proxy(), se:cdp: ws://localhost:53696/devtoo..., se:cdpVersion: 109.0.5414.120, setWindowRect: true, strictFileInteractability: false, timeouts: {implicit: 0, pageLoad: 300000, script: 30000}, unhandledPromptBehavior: dismiss and notify, webauthn:extension:credBlob: true, webauthn:extension:largeBlob: true, webauthn:virtualAuthenticators: true}
Session ID: cc9cde2a9a737e774bbe0d727b28a7a1
at sun.reflect.NativeConstructorAccessorImpl.newInstance0(Native Method)
at sun.reflect.NativeConstructorAccessorImpl.newInstance(NativeConstructorAccessorImpl.java:62)
at sun.reflect.DelegatingConstructorAccessorImpl.newInstance(DelegatingConstructorAccessorImpl.java:45)
at java.lang.reflect.Constructor.newInstance(Constructor.java:423)
at org.openqa.selenium.remote.codec.w3c.W3CHttpResponseCodec.createException(W3CHttpResponseCodec.java:200)
at org.openqa.selenium.remote.codec.w3c.W3CHttpResponseCodec.decode(W3CHttpResponseCodec.java:133)
at org.openqa.selenium.remote.codec.w3c.W3CHttpResponseCodec.decode(W3CHttpResponseCodec.java:53)
at org.openqa.selenium.remote.HttpCommandExecutor.execute(HttpCommandExecutor.java:184)
at org.openqa.selenium.remote.service.DriverCommandExecutor.invokeExecute(DriverCommandExecutor.java:167)
at org.openqa.selenium.remote.service.DriverCommandExecutor.execute(DriverCommandExecutor.java:142)
at org.openqa.selenium.remote.RemoteWebDriver.execute(RemoteWebDriver.java:547)
at org.openqa.selenium.remote.ElementLocation$ElementFinder$2.findElement(ElementLocation.java:162)
at org.openqa.selenium.remote.ElementLocation.findElement(ElementLocation.java:60)
at org.openqa.selenium.remote.RemoteWebDriver.findElement(RemoteWebDriver.java:365)
at org.openqa.selenium.remote.RemoteWebDriver.findElement(RemoteWebDriver.java:357)
at org.openqa.selenium.support.pagefactory.DefaultElementLocator.findElement(DefaultElementLocator.java:70)
at org.openqa.selenium.support.pagefactory.internal.LocatingElementHandler.invoke(LocatingElementHandler.java:39)
at com.sun.proxy.$Proxy15.getWrappedElement(Unknown Source)
at org.openqa.selenium.remote.internal.WebElementToJsonConverter.apply(WebElementToJsonConverter.java:51)
at java.util.stream.ReferencePipeline$3$1.accept(ReferencePipeline.java:193)
at java.util.Spliterators$ArraySpliterator.forEachRemaining(Spliterators.java:948)
at java.util.stream.AbstractPipeline.copyInto(AbstractPipeline.java:482)
at java.util.stream.AbstractPipeline.wrapAndCopyInto(AbstractPipeline.java:472)
at java.util.stream.ReduceOps$ReduceOp.evaluateSequential(ReduceOps.java:708)
at java.util.stream.AbstractPipeline.evaluate(AbstractPipeline.java:234)
at java.util.stream.ReferencePipeline.collect(ReferencePipeline.java:499)
at org.openqa.selenium.remote.RemoteWebDriver.executeScript(RemoteWebDriver.java:478)
at test.attest360.testCases.BaseClass.javaScriptExecutorClick(BaseClass.java:145)
at test.attest360.pageObjects.FillData_Fresher.finalSave(FillData_Fresher.java:472)
at test.attest360.testCases.Fresher.fillDataSetIdentification(Fresher.java:270)
at sun.reflect.NativeMethodAccessorImpl.invoke0(Native Method)
at sun.reflect.NativeMethodAccessorImpl.invoke(NativeMethodAccessorImpl.java:62)
at sun.reflect.DelegatingMethodAccessorImpl.invoke(DelegatingMethodAccessorImpl.java:43)
at java.lang.reflect.Method.invoke(Method.java:498)
at org.testng.internal.MethodInvocationHelper.invokeMethod(MethodInvocationHelper.java:124)
at org.testng.internal.Invoker.invokeMethod(Invoker.java:583)
at org.testng.internal.Invoker.invokeTestMethod(Invoker.java:719)
at org.testng.internal.Invoker.invokeTestMethods(Invoker.java:989)
at org.testng.internal.TestMethodWorker.invokeTestMethods(TestMethodWorker.java:125)
at org.testng.internal.TestMethodWorker.run(TestMethodWorker.java:109)
at org.testng.TestRunner.privateRun(TestRunner.java:648)
at org.testng.TestRunner.run(TestRunner.java:505)
at org.testng.SuiteRunner.runTest(SuiteRunner.java:455)
at org.testng.SuiteRunner.runSequentially(SuiteRunner.java:450)
at org.testng.SuiteRunner.privateRun(SuiteRunner.java:415)
at org.testng.SuiteRunner.run(SuiteRunner.java:364)
at org.testng.SuiteRunnerWorker.runSuite(SuiteRunnerWorker.java:52)
at org.testng.SuiteRunnerWorker.run(SuiteRunnerWorker.java:84)
at org.testng.TestNG.runSuitesSequentially(TestNG.java:1208)
at org.testng.TestNG.runSuitesLocally(TestNG.java:1137)
at org.testng.TestNG.runSuites(TestNG.java:1049)
at org.testng.TestNG.run(TestNG.java:1017)
at org.testng.remote.AbstractRemoteTestNG.run(AbstractRemoteTestNG.java:132)
at org.testng.remote.RemoteTestNG.initAndRun(RemoteTestNG.java:236)
at org.testng.remote.RemoteTestNG.main(RemoteTestNG.java:81)
]]>
            </full-stacktrace>
          </exception> <!-- org.openqa.selenium.NoSuchElementException -->
          <reporter-output>
          </reporter-output>
        </test-method> <!-- fillDataSetIdentification -->
        <test-method status="PASS" signature="logoutAsDataEntry()[pri:8, instance:test.attest360.testCases.Fresher@77be656f]" name="logoutAsDataEntry" duration-ms="5650" started-at="2023-02-07T16:29:10Z" finished-at="2023-02-07T16:29:16Z">
          <reporter-output>
          </reporter-output>
        </test-method> <!-- logoutAsDataEntry -->
        <test-method status="PASS" signature="critirionQaLogin()[pri:9, instance:test.attest360.testCases.Fresher@77be656f]" name="critirionQaLogin" duration-ms="485" started-at="2023-02-07T16:29:16Z" finished-at="2023-02-07T16:29:16Z">
          <reporter-output>
          </reporter-output>
        </test-method> <!-- critirionQaLogin -->
        <test-method status="PASS" signature="runAutoDeligate(java.lang.String)[pri:10, instance:test.attest360.testCases.Fresher@77be656f]" name="runAutoDeligate" duration-ms="20286" started-at="2023-02-07T16:29:16Z" finished-at="2023-02-07T16:29:36Z">
          <params>
            <param index="0">
              <value>
                <![CDATA[Billing changes]]>
              </value>
            </param>
          </params>
          <reporter-output>
          </reporter-output>
        </test-method> <!-- runAutoDeligate -->
        <test-method status="PASS" signature="teardown()[pri:0, instance:test.attest360.testCases.Fresher@77be656f]" name="teardown" is-config="true" duration-ms="2474" started-at="2023-02-07T16:29:36Z" finished-at="2023-02-07T16:29:39Z">
          <reporter-output>
          </reporter-output>
        </test-method> <!-- teardown -->
      </class> <!-- test.attest360.testCases.Fresher -->
    </test> <!-- Test -->
  </suite> <!-- Suite -->
</testng-results>
